[07-Jul-2020 07:40:50] NOTICE: fpm is running, pid 37917
[07-Jul-2020 07:40:50] NOTICE: ready to handle connections
[08-Aug-2020 17:00:39] NOTICE: Terminating ...
[08-Aug-2020 17:00:39] NOTICE: Terminating ...
[08-Aug-2020 17:00:39] NOTICE: exiting, bye-bye!
[09-Oct-2020 14:39:02] NOTICE: fpm is running, pid 1037
[09-Oct-2020 14:39:02] NOTICE: ready to handle connections
[10-Oct-2020 22:55:04] NOTICE: Terminating ...
[10-Oct-2020 22:55:04] NOTICE: Terminating ...
[10-Oct-2020 22:55:04] NOTICE: exiting, bye-bye!
[10-Oct-2020 23:05:28] NOTICE: fpm is running, pid 5431
[10-Oct-2020 23:05:28] NOTICE: ready to handle connections
[10-Oct-2020 23:05:29] NOTICE: Terminating ...
[10-Oct-2020 23:05:29] NOTICE: Terminating ...
[10-Oct-2020 23:05:29] NOTICE: exiting, bye-bye!
[10-Oct-2020 23:06:24] NOTICE: fpm is running, pid 5472
[10-Oct-2020 23:06:24] NOTICE: ready to handle connections
[11-Oct-2020 12:32:00] NOTICE: Terminating ...
[11-Oct-2020 12:32:00] NOTICE: Terminating ...
[11-Oct-2020 12:32:00] NOTICE: exiting, bye-bye!
[11-Oct-2020 12:32:09] NOTICE: fpm is running, pid 7684
[11-Oct-2020 12:32:09] NOTICE: ready to handle connections
